2020-03-20 16:31:44.454 +03 [11000] СООБЩЕНИЕ:  система БД была выключена: 2020-03-20 16:22:30 +03
2020-03-20 16:31:44.634 +03 [7316] СООБЩЕНИЕ:  система БД готова принимать подключения
2020-03-20 17:44:57.576 +03 [2392] ВАЖНО:  пользователь "djangoblog" не прошёл проверку подлинности (по паролю)
2020-03-20 17:44:57.576 +03 [2392] ПОДРОБНОСТИ:  Пользователь "djangoblog" не имеет пароля.
	Подключение соответствует строке 82 в pg_hba.conf: "host    all             all             ::1/128                 md5"
2020-03-20 17:45:26.746 +03 [12600] ВАЖНО:  пользователь "djangoblog" не прошёл проверку подлинности (по паролю)
2020-03-20 17:45:26.746 +03 [12600] ПОДРОБНОСТИ:  Пользователь "djangoblog" не имеет пароля.
	Подключение соответствует строке 82 в pg_hba.conf: "host    all             all             ::1/128                 md5"
2020-03-20 17:58:03.377 +03 [9448] ВАЖНО:  пользователь "djangoblog" не прошёл проверку подлинности (по паролю)
2020-03-20 17:58:03.377 +03 [9448] ПОДРОБНОСТИ:  Пользователь "djangoblog" не имеет пароля.
	Подключение соответствует строке 82 в pg_hba.conf: "host    all             all             ::1/128                 md5"
2020-03-20 18:04:59.535 +03 [11964] ВАЖНО:  пользователь "djangoblog" не прошёл проверку подлинности (по паролю)
2020-03-20 18:04:59.535 +03 [11964] ПОДРОБНОСТИ:  Пользователь "djangoblog" не имеет пароля.
	Подключение соответствует строке 82 в pg_hba.conf: "host    all             all             ::1/128                 md5"
2020-03-20 18:49:48.782 +03 [10968] РћРЁРР‘РљРђ:  РѕС€РёР±РєР° СЃРёРЅС‚Р°РєСЃРёСЃР° (РїСЂРёРјРµСЂРЅРѕРµ РїРѕР»РѕР¶РµРЅРёРµ: "chcp") (СЃРёРјРІРѕР» 1)
2020-03-20 18:49:48.782 +03 [10968] РћРџР•Р РђРўРћР :  chcp 1251
	ALTER ROLE djangoblog SUPERUSER CREATEROLE
	ALTER USER myuser djanoblog SUPERUSER;
2020-03-20 18:50:12.072 +03 [10968] РћРЁРР‘РљРђ:  РЅРµСЂР°СЃРїРѕР·РЅР°РЅРЅС‹Р№ РїР°СЂР°РјРµС‚СЂ СЂРѕР»Рё "djanoblog" (СЃРёРјРІРѕР» 19)
2020-03-20 18:50:12.072 +03 [10968] РћРџР•Р РђРўРћР :  ALTER USER myuser djanoblog SUPERUSER;
2020-03-20 18:50:45.909 +03 [10968] РћРЁРР‘РљРђ:  СЂРѕР»СЊ "djanoblog" РЅРµ СЃСѓС‰РµСЃС‚РІСѓРµС‚
2020-03-20 18:50:45.909 +03 [10968] РћРџР•Р РђРўРћР :  ALTER USER  djanoblog SUPERUSER;
2020-03-20 18:55:01.613 +03 [10968] РћРЁРР‘РљРђ:  РЅРµСЂР°СЃРїРѕР·РЅР°РЅРЅС‹Р№ РїР°СЂР°РјРµС‚СЂ СЂРѕР»Рё "craterole" (СЃРёРјРІРѕР» 23)
2020-03-20 18:55:01.613 +03 [10968] РћРџР•Р РђРўРћР :  ALTER USER  djanoblog CRATEROLE;
2020-03-20 18:55:18.977 +03 [10968] РћРЁРР‘РљРђ:  СЂРѕР»СЊ "djanoblog" РЅРµ СЃСѓС‰РµСЃС‚РІСѓРµС‚
2020-03-20 18:55:18.977 +03 [10968] РћРџР•Р РђРўРћР :  ALTER USER  djanoblog CREATEROLE;
2020-03-20 18:56:14.346 +03 [10968] РћРЁРР‘РљРђ:  РЅРµСЂР°СЃРїРѕР·РЅР°РЅРЅС‹Р№ РїР°СЂР°РјРµС‚СЂ СЂРѕР»Рё "createuser" (СЃРёРјРІРѕР» 24)
2020-03-20 18:56:14.346 +03 [10968] РћРџР•Р РђРўРћР :  ALTER USER  djangoblog CREATEUSER;
2020-03-20 18:56:48.895 +03 [10968] РћРЁРР‘РљРђ:  РЅРµСЂР°СЃРїРѕР·РЅР°РЅРЅС‹Р№ РїР°СЂР°РјРµС‚СЂ СЂРѕР»Рё "createuser" (СЃРёРјРІРѕР» 24)
2020-03-20 18:56:48.895 +03 [10968] РћРџР•Р РђРўРћР :  ALTER USER  djangoblog CREATEUSER;
2020-03-20 18:57:42.309 +03 [10968] РћРЁРР‘РљРђ:  РЅРµСЂР°СЃРїРѕР·РЅР°РЅРЅС‹Р№ РїР°СЂР°РјРµС‚СЂ СЂРѕР»Рё "createuser" (СЃРёРјРІРѕР» 24)
2020-03-20 18:57:42.309 +03 [10968] РћРџР•Р РђРўРћР :  ALTER USER  djangoblog CREATEUSER;
2020-03-20 18:58:14.851 +03 [10968] РћРЁРР‘РљРђ:  РѕС€РёР±РєР° СЃРёРЅС‚Р°РєСЃРёСЃР° (РїСЂРёРјРµСЂРЅРѕРµ РїРѕР»РѕР¶РµРЅРёРµ: "djangoblog") (СЃРёРјРІРѕР» 1)
2020-03-20 18:58:14.851 +03 [10968] РћРџР•Р РђРўРћР :  djangoblog CREATEUSER;
2020-03-20 18:59:06.517 +03 [10968] РЎРћРћР‘Р©Р•РќРР•:  РЅРµ СѓРґР°Р»РѕСЃСЊ РїРѕР»СѓС‡РёС‚СЊ РґР°РЅРЅС‹Рµ РѕС‚ РєР»РёРµРЅС‚Р°: An existing connection was forcibly closed by the remote host.
	
2020-03-20 19:05:57.656 +03 [9816] РћРЁРР‘РљРђ:  РѕС€РёР±РєР° СЃРёРЅС‚Р°РєСЃРёСЃР° (РїСЂРёРјРµСЂРЅРѕРµ РїРѕР»РѕР¶РµРЅРёРµ: "chcp") (СЃРёРјРІРѕР» 1)
2020-03-20 19:05:57.656 +03 [9816] РћРџР•Р РђРўРћР :  chcp 1251
	ALTER USER djangoblog with superuser;
2020-03-20 19:17:07.608 +03 [12076] ВАЖНО:  пользователь "djangoblog" не прошёл проверку подлинности (по паролю)
2020-03-20 19:17:07.608 +03 [12076] ПОДРОБНОСТИ:  Пользователь "djangoblog" не имеет пароля.
	Подключение соответствует строке 82 в pg_hba.conf: "host    all             all             ::1/128                 md5"
2020-03-20 19:33:20.619 +03 [9188] ВАЖНО:  пользователь "djangoblog" не прошёл проверку подлинности (по паролю)
2020-03-20 19:33:20.619 +03 [9188] ПОДРОБНОСТИ:  Пользователь "djangoblog" не имеет пароля.
	Подключение соответствует строке 82 в pg_hba.conf: "host    all             all             ::1/128                 md5"
2020-03-20 19:33:32.350 +03 [9816] РЎРћРћР‘Р©Р•РќРР•:  РЅРµ СѓРґР°Р»РѕСЃСЊ РїРѕР»СѓС‡РёС‚СЊ РґР°РЅРЅС‹Рµ РѕС‚ РєР»РёРµРЅС‚Р°: An existing connection was forcibly closed by the remote host.
	
2020-03-20 19:33:44.645 +03 [3604] ВАЖНО:  пользователь "djangoblog" не прошёл проверку подлинности (по паролю)
2020-03-20 19:33:44.645 +03 [3604] ПОДРОБНОСТИ:  Пользователь "djangoblog" не имеет пароля.
	Подключение соответствует строке 82 в pg_hba.conf: "host    all             all             ::1/128                 md5"
2020-03-20 19:33:57.236 +03 [13288] ВАЖНО:  пользователь "djangoblog" не прошёл проверку подлинности (по паролю)
2020-03-20 19:33:57.236 +03 [13288] ПОДРОБНОСТИ:  Пользователь "djangoblog" не имеет пароля.
	Подключение соответствует строке 82 в pg_hba.conf: "host    all             all             ::1/128                 md5"
2020-03-20 19:35:46.255 +03 [12084] ВАЖНО:  пользователь "st__w" не прошёл проверку подлинности (по паролю)
2020-03-20 19:35:46.255 +03 [12084] ПОДРОБНОСТИ:  Роль "st__w" не существует.
	Подключение соответствует строке 82 в pg_hba.conf: "host    all             all             ::1/128                 md5"
2020-03-20 19:36:15.824 +03 [9136] ВАЖНО:  пользователь "st__w" не прошёл проверку подлинности (по паролю)
2020-03-20 19:36:15.824 +03 [9136] ПОДРОБНОСТИ:  Роль "st__w" не существует.
	Подключение соответствует строке 82 в pg_hba.conf: "host    all             all             ::1/128                 md5"
2020-03-20 19:37:18.973 +03 [2488] ВАЖНО:  пользователь "st__w" не прошёл проверку подлинности (по паролю)
2020-03-20 19:37:18.973 +03 [2488] ПОДРОБНОСТИ:  Роль "st__w" не существует.
	Подключение соответствует строке 82 в pg_hba.conf: "host    all             all             ::1/128                 md5"
2020-03-20 19:37:31.097 +03 [10772] ВАЖНО:  пользователь "st__w" не прошёл проверку подлинности (по паролю)
2020-03-20 19:37:31.097 +03 [10772] ПОДРОБНОСТИ:  Роль "st__w" не существует.
	Подключение соответствует строке 82 в pg_hba.conf: "host    all             all             ::1/128                 md5"
2020-03-21 10:30:42.505 +03 [9760] РћРЁРР‘РљРђ:  РѕС€РёР±РєР° СЃРёРЅС‚Р°РєСЃРёСЃР° (РїСЂРёРјРµСЂРЅРѕРµ РїРѕР»РѕР¶РµРЅРёРµ: "create") (СЃРёРјРІРѕР» 18)
2020-03-21 10:30:42.505 +03 [9760] РћРџР•Р РђРўРћР :  create user st_w
	create database dbblog OWNER st_w
	CREATE USER st_w WITH PASSWORD 'Strel1951';
2020-03-21 10:43:04.294 +03 [9760] РћРЁРР‘РљРђ:  РѕС€РёР±РєР° СЃРёРЅС‚Р°РєСЃРёСЃР° (РїСЂРёРјРµСЂРЅРѕРµ РїРѕР»РѕР¶РµРЅРёРµ: "#") (СЃРёРјРІРѕР» 1)
2020-03-21 10:43:04.294 +03 [9760] РћРџР•Р РђРўРћР :  # CREATE DATABASE djangoblog OWNER st_w;
2020-03-21 10:43:14.978 +03 [9760] РћРЁРР‘РљРђ:  Р±Р°Р·Р° РґР°РЅРЅС‹С… "djangoblog" СѓР¶Рµ СЃСѓС‰РµСЃС‚РІСѓРµС‚
2020-03-21 10:43:14.978 +03 [9760] РћРџР•Р РђРўРћР :  CREATE DATABASE djangoblog OWNER st_w;
2020-03-21 11:05:33.396 +03 [9760] РћРЁРР‘РљРђ:  РЅРµСЂР°СЃРїРѕР·РЅР°РЅРЅС‹Р№ РїР°СЂР°РјРµС‚СЂ СЂРѕР»Рё "default_transaction_isolation" (СЃРёРјРІРѕР» 17)
2020-03-21 11:05:33.396 +03 [9760] РћРџР•Р РђРўРћР :  ALTER ROLE st_w default_transaction_isolation TO 'read committed';
2020-03-21 11:06:27.288 +03 [9760] РћРЁРР‘РљРђ:  РЅРµСЂР°СЃРїРѕР·РЅР°РЅРЅС‹Р№ РїР°СЂР°РјРµС‚СЂ СЂРѕР»Рё "timezone" (СЃРёРјРІРѕР» 17)
2020-03-21 11:06:27.288 +03 [9760] РћРџР•Р РђРўРћР :  ALTER ROLE st_w timezone TO 'UTC';
2020-03-21 11:12:32.280 +03 [6812] РЎРћРћР‘Р©Р•РќРР•:  РЅРµ СѓРґР°Р»РѕСЃСЊ РїРѕР»СѓС‡РёС‚СЊ РґР°РЅРЅС‹Рµ РѕС‚ РєР»РёРµРЅС‚Р°: An existing connection was forcibly closed by the remote host.
	
2020-03-21 11:13:27.334 +03 [6240] РћРЁРР‘РљРђ:  РїРѕРІС‚РѕСЂСЏСЋС‰РµРµСЃСЏ Р·РЅР°С‡РµРЅРёРµ РєР»СЋС‡Р° РЅР°СЂСѓС€Р°РµС‚ РѕРіСЂР°РЅРёС‡РµРЅРёРµ СѓРЅРёРєР°Р»СЊРЅРѕСЃС‚Рё "django_content_type_app_label_model_76bd3d3b_uniq"
2020-03-21 11:13:27.334 +03 [6240] РџРћР”Р РћР‘РќРћРЎРўР:  РљР»СЋС‡ "(app_label, model)=(taggit, tag)" СѓР¶Рµ СЃСѓС‰РµСЃС‚РІСѓРµС‚.
2020-03-21 11:13:27.334 +03 [6240] РћРџР•Р РђРўРћР :  UPDATE "django_content_type" SET "app_label" = 'taggit', "model" = 'tag' WHERE "django_content_type"."id" = 11
